#Total Vapor Pressure and mole fractions
Pressure 1.659885e-03
O        4.752940e-02
O2       1.784609e-01
SiO      2.711139e-02
Si       8.898810e-10
SiO2     1.394509e-03
MgO      1.998750e-04
Mg       3.941616e-03
Al       1.658362e-08
AlO      6.242785e-07
AlO2     6.931500e-11
Al2O     7.662113e-12
Al2O2    1.390977e-11
Ti       9.308365e-14
TiO      1.605529e-08
TiO2     3.020420e-06
Fe       1.478938e-02
FeO      5.142240e-03
Ca       2.663473e-07
CaO      5.386265e-08
NaCat    4.208001e-04
KCat     7.464685e-06
Na       7.182324e-01
NaO      1.678549e-03
Na2      3.125122e-06
Na2O     2.354550e-07
NaCat    4.208001e-04
K        2.270056e-04
KO       5.385890e-07
K2       1.735597e-13
K2O      8.156716e-10
KCat     7.464685e-06
e-       4.282648e-04
