#Total Vapor Pressure and mole fractions
Pressure 7.514040e-03
O        6.974302e-02
O2       1.772046e-01
SiO      8.066418e-02
Si       1.527941e-08
SiO2     3.685149e-03
MgO      7.158019e-04
Mg       9.226109e-03
Al       1.535201e-07
AlO      3.766513e-06
AlO2     7.370942e-10
Al2O     1.709142e-10
Al2O2    2.190547e-10
Ti       1.876581e-12
TiO      1.135381e-07
TiO2     8.093118e-06
Fe       2.425186e-02
FeO      7.728928e-03
Ca       9.911093e-07
CaO      2.508972e-07
NaCat    6.100315e-04
KCat     9.539045e-06
Na       6.218942e-01
NaO      2.758613e-03
Na2      7.340178e-06
Na2O     6.090891e-07
NaCat    6.100315e-04
K        2.463027e-04
KO       1.140889e-06
K2       7.237887e-13
K2O      6.513075e-10
KCat     9.539045e-06
e-       6.195705e-04
