 T = 
 MAGMA COMPOSITION:
Komatiite (Puede ser usad
SOURCE:
Schaefer & Fegley 2004                            

 OXIDE      WT%             MOLE%
 SiO2    4.710000E+01     4.688252E+01
 MgO     2.660000E+01     3.947138E+01
 Al2O3   4.040000E+00     2.369715E+00
 TiO2    2.400000E-01     1.797230E-01
 Fe2O3   1.280000E+01     4.793843E+00
 FeO     0.000000E+00     0.000000E+00
 CaO     5.440000E+00     5.801803E+00
 Na2O    4.600000E-01      4.43876E-01
 K2O     9.000000E-02     5.714306E-02
 TOTAL   9.677000E+01     1.000000E+02

 ATOMIC ABUNDANCES ON COSMOCHEMICAL SCALE

  ASi   =  1.000000000E+06
  AMg   =  8.419211215E+05
  AFe   =  2.045045167E+05
  ACa   =  1.237519521E+05
  AAl   =  1.010916322E+05
  ATi   =  3.833475438E+03
  ANa   =  1.893569238E+04
  AK    =  2.437713058E+03

Oxide Mole Fraction (F) in Silicate

FSiO2 =  4.473785E-01
FMgO =   3.766574E-01
FFeO =   9.149093E-02
FCaO =   5.536397E-02
FAl2O3 = 2.261311E-02
FTiO2 =  1.715015E-03
FNa2O =  4.235711E-03
FK2O =   5.452902E-04


RELATIVE ATOMIC ABUNDANCES OF METALS

  CONSI =    4.3545D-01  CONMG =    3.6661D-01  CONFE =    8.9051D-02
  CONCA =    5.3888D-02  CONAL =    4.4020D-02  CONTI =    1.6693D-03
  CONNA =    8.2455D-03  CONK  =    1.0615D-03

