 T = 
 MAGMA COMPOSITION:
Komatiite (Puede ser usad
SOURCE:
Schaefer & Fegley 2004                            

 OXIDE      WT%             MOLE%
 SiO2    4.710000E+01     4.688252E+01
 MgO     2.660000E+01     3.947138E+01
 Al2O3   4.040000E+00     2.369715E+00
 TiO2    2.400000E-01     1.797230E-01
 Fe2O3   1.280000E+01     4.793843E+00
 FeO     0.000000E+00     0.000000E+00
 CaO     5.440000E+00     5.801803E+00
 Na2O    4.600000E-01      4.43876E-01
 K2O     9.000000E-02     5.714306E-02
 TOTAL   9.677000E+01     1.000000E+02

 ATOMIC ABUNDANCES ON COSMOCHEMICAL SCALE

  ASi   =  1.000000000E+06
  AMg   =  8.419211215E+05
  AFe   =  2.045045167E+05
  ACa   =  1.237519521E+05
  AAl   =  1.010916322E+05
  ATi   =  3.833475438E+03
  ANa   =  1.893569238E+04
  AK    =  2.437713058E+03

Oxide Mole Fraction (F) in Silicate

FSiO2 =  4.473785E-01
FMgO =   3.766574E-01
FFeO =   9.149093E-02
FCaO =   5.536397E-02
FAl2O3 = 2.261311E-02
FTiO2 =  1.715015E-03
FNa2O =  4.235711E-03
FK2O =   5.452902E-04


RELATIVE ATOMIC ABUNDANCES OF METALS

  CONSI =    4.3545D-01  CONMG =    3.6661D-01  CONFE =    8.9051D-02
  CONCA =    5.3888D-02  CONAL =    4.4020D-02  CONTI =    1.6693D-03
  CONNA =    8.2455D-03  CONK  =    1.0615D-03

STEP NUMBER    0

Oxide Mole Fraction (F) in Silicate

FSiO2 =  4.473785E-01
FMgO =   3.766574E-01
FFeO =   9.149093E-02
FCaO =   5.536397E-02
FAl2O3 = 2.261311E-02
FTiO2 =  1.715015E-03
FNa2O =  4.235711E-03
FK2O =   5.452902E-04

ACTIVITY COEFFICIENTS (G) OF OXIDES IN THE MELT

GSiO2 =  2.60715E-01
GMgO =   3.74679E-02
GFeO =   6.74015E-01
GCaO =   4.05352E-04
GAl2O3 = 1.35969E-01
GTiO2 =  1.12593E-01
GNa2O =  1.09182E-08
GK2O  =  1.42896E-17


ACTIVITIES (A) OF SPECIES IN MELT

ASiO2         1.166381E-01
AMgO          1.411259E-02
AFeO          6.166634E-02
AFe2O3        1.603118E-04
AFe3O4        1.074492E-04
ACaO          2.244201E-05
AAl2O3        3.074680E-03
ATiO2         1.930988E-04
ANa2O         4.624714E-11
AK2O          7.792059E-21
AMgSiO3       1.203207E-01
AMg2SiO4      1.083571E-01
AMgAl2O4      1.273707E-03
AMgTiO3       2.078671E-04
AMgTi2O5      9.884624E-08
AMg2TiO4      4.152326E-05
AAl6Si2O13    2.945992E-07
ACaAl2O4      1.533513E-03
ACaAl4O7      5.732715E-05
ACa12Al14O33  1.296680E-35
ACaSiO3       2.569537E-02
ACaAl2Si2O8   8.025354E-04
ACaMgSi2O6    2.263255E-02
ACa2MgSi2O7   1.310933E-03
ACa2Al2SiO7   8.064273E-05
ACaTiO3       8.524695E-05
ACa2SiO4      4.135906E-05
ACaTiSiO5     5.852305E-04
AFeTiO3       6.004474E-04
AFe2SiO4      8.723307E-03
AFeAl2O4      1.113465E-02
ACaAl12O19    3.209670E-10
AMg2Al4Si5O18 1.227481E-06
ANa2SiO3      1.001865E-04
ANa2Si2O5     8.417719E-05
ANaAlSiO4     4.277228E-03
ANaAlSi3O8    3.274887E-03
ANaAlO2       1.052661E-04
ANa2TiO3      1.400200E-06
ANaAlSi2O6    4.426960E-04
AK2SiO3       1.327146E-13
AK2Si2O5      2.990105E-13
AKAlSiO4      1.272752E-06
AKAlSi3O8     9.158180E-07
AKAlO2        2.044241E-08
AKAlSi2O6     4.271004E-06
AK2Si4O9      1.225179E-14
AKCaAlSi2O7   1.084113E-03


GAS PARTIAL PRESSURES (P) IN VAPOR


PO =      9.891307E-09
PO2 =     3.305211E-07
PMg =     3.811191E-11
PMgO =    3.182725E-13
PSi =     5.457854E-22
PSiO =    1.157865E-10
PSiO2 =   1.401720E-11
PFe =     9.134543E-10
PFeO =    6.408905E-10
PAl =     1.444842E-19
PAlO =    5.816875E-17
PAlO2 =   5.324683E-22
PAl2O =   5.375266E-25
PAl2O2 =  7.058361E-24
PCa =     3.121262E-16
PCaO =    2.773715E-17
PNa =     1.339677E-06
PNa2 =    3.963337E-14
PNaO =    1.796767E-10
PNa2O =   2.454241E-15
PNa+ =    6.634687E-11
PK =      1.682789E-10
PK2 =     1.906309E-22
PKO =     1.996060E-14
PK2O =    3.828710E-15
PK+ =     2.612871E-12
PTi =     1.755410E-26
PTiO =    6.700076E-19
PTiO2 =   1.912821E-14
Pe- =     6.895974E-11

PTOT =    1.6822979E-06


GAS MOLE FRACTIONS (X) IN VAPOR


XO =      5.879641E-03
XO2 =     1.964700E-01
XMg =     2.265467E-05
XMgO =    1.891891E-07
XSi =     3.244285E-16
XSiO =    6.882642E-05
XSiO2 =   8.332174E-06
XFe =     5.429801E-04
XFeO =    3.809614E-04
XAl =     8.588502E-14
XAlO =    3.457696E-11
XAlO2 =   3.165125E-16
XAl2O =   3.195192E-19
XAl2O2 =  4.195666E-18
XCa =     1.855356E-10
XCaO =    1.648766E-11
XNa =     7.963375E-01
XNa2 =    2.355907E-08
XNaO =    1.068044E-04
XNa2O =   1.458862E-09
XNa+ =    3.943824E-05
XK =      1.000292E-04
XK2 =     1.133158E-16
XKO =     1.186508E-08
XK2O =    2.275881E-09
XK+ =     1.553156E-06
XTi =     1.043460E-20
XTiO =    3.982693E-13
XTiO2 =   1.137029E-08
Xe- =     4.099140E-05


FRACTION OF MAGMA THAT IS VAPORIZED

VAP =   6.90086095-310
WTVAP =   7.19867696-314

  TSI =   5.90671E+08  TMG =   1.74876E+08  TFE =   7.07303E+09
  TCA =   1.54655E+03  TAL =   2.65356E+02  TTI =   8.70459E+04
  TNA =   6.09731E+12  TK  =   7.77768E+08

  ATMSI =   9.67373E-05  ATMMG =   2.86404E-05  ATMFE =   1.15839E-03
  ATMCA =   2.53286E-10  ATMAL =   4.34588E-11  ATMTI =   1.42560E-08
  ATMNA =   9.98589E-01  ATMK  =   1.27379E-04


RELATIVE ATOMIC ABUNDANCES OF METALS

  CONSI =    4.3545D-01  CONMG =    3.6661D-01  CONFE =    8.9051D-02
  CONCA =    5.3888D-02  CONAL =    4.4020D-02  CONTI =    1.6693D-03
  CONNA =    8.2455D-03  CONK  =    1.0615D-03


 ATOMIC ABUNDANCES ON COSMOCHEMICAL SCALE

  ASi   =  1.000000000E+06
  AMg   =  8.419211215E+05
  AFe   =  2.045045167E+05
  ACa   =  1.237519521E+05
  AAl   =  1.010916322E+05
  ATi   =  3.833475438E+03
  ANa   =  1.893569238E+04
  AK    =  2.437713058E+03

